# JRE version: OpenJDK Runtime Environment (17.0.6) (build 17.0.6+0-b2043.56-9586694)
# Java VM: OpenJDK 64-Bit Server VM (17.0.6+0-b2043.56-9586694, mixed mode, tiered, compressed oops, compressed class ptrs, g1 gc, windows-amd64)
GC Precious Log:
 CPUs: 12 total, 12 available
 Memory: 32574M
 Large Page Support: Disabled
 NUMA Support: Disabled
 Compressed Oops: Enabled (32-bit)
 Heap Region Size: 1M
 Heap Min Capacity: 8M
 Heap Initial Capacity: 510M
 Heap Max Capacity: 2G
 Pre-touch: Disabled
 Parallel Workers: 10
 Concurrent Workers: 3
 Concurrent Refinement Workers: 10
 Periodic GC: Disabled
Heap:
 garbage-first heap   total 303104K, used 73809K [0x0000000080000000, 0x0000000100000000)
  region size 1024K, 23 young (23552K), 2 survivors (2048K)
 Metaspace       used 31855K, committed 32192K, reserved 1081344K
  class space    used 4401K, committed 4608K, reserved 1048576K
GC Heap History (16 events):
Event: 0.891 GC heap before
{Heap before GC invocations=0 (full 0):
 garbage-first heap   total 522240K, used 29696K [0x0000000080000000, 0x0000000100000000)
  region size 1024K, 25 young (25600K), 0 survivors (0K)
 Metaspace       used 10449K, committed 10624K, reserved 1064960K
  class space    used 1083K, committed 1152K, reserved 1048576K
}
Event: 0.894 GC heap after
{Heap after GC invocations=1 (full 0):
 garbage-first heap   total 522240K, used 10211K [0x0000000080000000, 0x0000000100000000)
  region size 1024K, 4 young (4096K), 4 survivors (4096K)
 Metaspace       used 10449K, committed 10624K, reserved 1064960K
  class space    used 1083K, committed 1152K, reserved 1048576K
}
Event: 1.266 GC heap before
{Heap before GC invocations=1 (full 0):
 garbage-first heap   total 522240K, used 41955K [0x0000000080000000, 0x0000000100000000)
  region size 1024K, 34 young (34816K), 4 survivors (4096K)
 Metaspace       used 11180K, committed 11392K, reserved 1064960K
  class space    used 1161K, committed 1280K, reserved 1048576K
}
Event: 1.270 GC heap after
{Heap after GC invocations=2 (full 0):
 garbage-first heap   total 522240K, used 14508K [0x0000000080000000, 0x0000000100000000)
  region size 1024K, 5 young (5120K), 5 survivors (5120K)
 Metaspace       used 11180K, committed 11392K, reserved 1064960K
  class space    used 1161K, committed 1280K, reserved 1048576K
}
Event: 2.218 GC heap before
{Heap before GC invocations=2 (full 0):
 garbage-first heap   total 522240K, used 48300K [0x0000000080000000, 0x0000000100000000)
  region size 1024K, 39 young (39936K), 5 survivors (5120K)
 Metaspace       used 21280K, committed 21504K, reserved 1073152K
  class space    used 2572K, committed 2688K, reserved 1048576K
}
Event: 2.224 GC heap after
{Heap after GC invocations=3 (full 0):
 garbage-first heap   total 522240K, used 18084K [0x0000000080000000, 0x0000000100000000)
  region size 1024K, 8 young (8192K), 8 survivors (8192K)
 Metaspace       used 21280K, committed 21504K, reserved 1073152K
  class space    used 2572K, committed 2688K, reserved 1048576K
}
Event: 2.798 GC heap before
{Heap before GC invocations=4 (full 0):
 garbage-first heap   total 65536K, used 48804K [0x0000000080000000, 0x0000000100000000)
  region size 1024K, 38 young (38912K), 8 survivors (8192K)
 Metaspace       used 25930K, committed 26304K, reserved 1073152K
  class space    used 3394K, committed 3584K, reserved 1048576K
}
Event: 2.802 GC heap after
{Heap after GC invocations=5 (full 0):
 garbage-first heap   total 65536K, used 20581K [0x0000000080000000, 0x0000000100000000)
  region size 1024K, 3 young (3072K), 3 survivors (3072K)
 Metaspace       used 25930K, committed 26304K, reserved 1073152K
  class space    used 3394K, committed 3584K, reserved 1048576K
}
Event: 2.820 GC heap before
{Heap before GC invocations=5 (full 0):
 garbage-first heap   total 65536K, used 21605K [0x0000000080000000, 0x0000000100000000)
  region size 1024K, 4 young (4096K), 3 survivors (3072K)
 Metaspace       used 26084K, committed 26432K, reserved 1073152K
  class space    used 3417K, committed 3584K, reserved 1048576K
}
Event: 2.823 GC heap after
{Heap after GC invocations=6 (full 0):
 garbage-first heap   total 65536K, used 20618K [0x0000000080000000, 0x0000000100000000)
  region size 1024K, 1 young (1024K), 1 survivors (1024K)
 Metaspace       used 26084K, committed 26432K, reserved 1073152K
  class space    used 3417K, committed 3584K, reserved 1048576K
}
Event: 3.217 GC heap before
{Heap before GC invocations=6 (full 0):
 garbage-first heap   total 65536K, used 50314K [0x0000000080000000, 0x0000000100000000)
  region size 1024K, 24 young (24576K), 1 survivors (1024K)
 Metaspace       used 29224K, committed 29568K, reserved 1081344K
  class space    used 3970K, committed 4160K, reserved 1048576K
}
Event: 3.221 GC heap after
{Heap after GC invocations=7 (full 0):
 garbage-first heap   total 65536K, used 31829K [0x0000000080000000, 0x0000000100000000)
  region size 1024K, 4 young (4096K), 4 survivors (4096K)
 Metaspace       used 29224K, committed 29568K, reserved 1081344K
  class space    used 3970K, committed 4160K, reserved 1048576K
}
Event: 3.250 GC heap before
{Heap before GC invocations=7 (full 0):
 garbage-first heap   total 65536K, used 34901K [0x0000000080000000, 0x0000000100000000)
  region size 1024K, 6 young (6144K), 4 survivors (4096K)
 Metaspace       used 29305K, committed 29632K, reserved 1081344K
  class space    used 3985K, committed 4160K, reserved 1048576K
}
Event: 3.252 GC heap after
{Heap after GC invocations=8 (full 0):
 garbage-first heap   total 65536K, used 34861K [0x0000000080000000, 0x0000000100000000)
  region size 1024K, 2 young (2048K), 2 survivors (2048K)
 Metaspace       used 29305K, committed 29632K, reserved 1081344K
  class space    used 3985K, committed 4160K, reserved 1048576K
}
Event: 3.276 GC heap before
{Heap before GC invocations=9 (full 0):
 garbage-first heap   total 83968K, used 47149K [0x0000000080000000, 0x0000000100000000)
  region size 1024K, 3 young (3072K), 2 survivors (2048K)
 Metaspace       used 29306K, committed 29632K, reserved 1081344K
  class space    used 3985K, committed 4160K, reserved 1048576K
}
Event: 3.279 GC heap after
{Heap after GC invocations=10 (full 0):
 garbage-first heap   total 303104K, used 47185K [0x0000000080000000, 0x0000000100000000)
  region size 1024K, 2 young (2048K), 2 survivors (2048K)
 Metaspace       used 29306K, committed 29632K, reserved 1081344K
  class space    used 3985K, committed 4160K, reserved 1048576K
}

